{"name": "test_search_with_results", "status": "broken", "statusDetails": {"message": "selenium.common.exceptions.NoSuchElementException: Message: no such element: Unable to locate element: {\"method\":\"css selector\",\"selector\":\"[id=\"search_input\"]\"}\n  (Session info: chrome=130.0.6723.70); For documentation on this error, please visit: https://www.selenium.dev/documentation/webdriver/troubleshooting/errors#no-such-element-exception\nStacktrace:\n0   chromedriver                        0x000000010095f634 cxxbridge1$str$ptr + 3645404\n1   chromedriver                        0x0000000100957e94 cxxbridge1$str$ptr + 3614780\n2   chromedriver                        0x00000001003c4104 cxxbridge1$string$len + 88416\n3   chromedriver                        0x0000000100406364 cxxbridge1$string$len + 359360\n4   chromedriver                        0x000000010043fbd0 cxxbridge1$string$len + 594988\n5   chromedriver                        0x00000001003faf54 cxxbridge1$string$len + 313264\n6   chromedriver                        0x00000001003fbba4 cxxbridge1$string$len + 316416\n7   chromedriver                        0x000000010092a1d4 cxxbridge1$str$ptr + 3427196\n8   chromedriver                        0x000000010092d518 cxxbridge1$str$ptr + 3440320\n9   chromedriver                        0x00000001009115f8 cxxbridge1$str$ptr + 3325856\n10  chromedriver                        0x000000010092dddc cxxbridge1$str$ptr + 3442564\n11  chromedriver                        0x000000010090287c cxxbridge1$str$ptr + 3265060\n12  chromedriver                        0x0000000100948884 cxxbridge1$str$ptr + 3551788\n13  chromedriver                        0x0000000100948a00 cxxbridge1$str$ptr + 3552168\n14  chromedriver                        0x0000000100957b2c cxxbridge1$str$ptr + 3613908\n15  libsystem_pthread.dylib             0x00000001ad2c3fa8 _pthread_start + 148\n16  libsystem_pthread.dylib             0x00000001ad2beda0 thread_start + 8", "trace": "setup = <selenium.webdriver.chrome.webdriver.WebDriver (session=\"ed6f1d96d04ff5567074c40a9d951d78\")>\n\n    def test_search_with_results(setup):\n    \n        driver = setup\n    \n>       search_input = driver.find_element(By.ID, \"search_input\")\n\ntests/test_search.py:19: \n_ _ _ _ _ _ _ _ _ _ _ _ _ _ _ _ _ _ _ _ _ _ _ _ _ _ _ _ _ _ _ _ _ _ _ _ _ _ _ _ _ _ _ _ _ _ _ _ _ _ _ _ _ _ _ _ _ _ _ _ _ _ _ _ _ _ _ _ _ _ _ _ _ _ _ \n/Library/Frameworks/Python.framework/Versions/3.11/lib/python3.11/site-packages/selenium/webdriver/remote/webdriver.py:741: in find_element\n    return self.execute(Command.FIND_ELEMENT, {\"using\": by, \"value\": value})[\"value\"]\n/Library/Frameworks/Python.framework/Versions/3.11/lib/python3.11/site-packages/selenium/webdriver/remote/webdriver.py:347: in execute\n    self.error_handler.check_response(response)\n_ _ _ _ _ _ _ _ _ _ _ _ _ _ _ _ _ _ _ _ _ _ _ _ _ _ _ _ _ _ _ _ _ _ _ _ _ _ _ _ _ _ _ _ _ _ _ _ _ _ _ _ _ _ _ _ _ _ _ _ _ _ _ _ _ _ _ _ _ _ _ _ _ _ _ \n\nself = <selenium.webdriver.remote.errorhandler.ErrorHandler object at 0x1068d5890>\nresponse = {'status': 404, 'value': '{\"value\":{\"error\":\"no such element\",\"message\":\"no such element: Unable to locate element: {\\...0001ad2c3fa8 _pthread_start + 148\\\\n16  libsystem_pthread.dylib             0x00000001ad2beda0 thread_start + 8\\\\n\"}}'}\n\n    def check_response(self, response: Dict[str, Any]) -> None:\n        \"\"\"Checks that a JSON response from the WebDriver does not have an\n        error.\n    \n        :Args:\n         - response - The JSON response from the WebDriver server as a dictionary\n           object.\n    \n        :Raises: If the response contains an error message.\n        \"\"\"\n        status = response.get(\"status\", None)\n        if not status or status == ErrorCode.SUCCESS:\n            return\n        value = None\n        message = response.get(\"message\", \"\")\n        screen: str = response.get(\"screen\", \"\")\n        stacktrace = None\n        if isinstance(status, int):\n            value_json = response.get(\"value\", None)\n            if value_json and isinstance(value_json, str):\n                import json\n    \n                try:\n                    value = json.loads(value_json)\n                    if len(value) == 1:\n                        value = value[\"value\"]\n                    status = value.get(\"error\", None)\n                    if not status:\n                        status = value.get(\"status\", ErrorCode.UNKNOWN_ERROR)\n                        message = value.get(\"value\") or value.get(\"message\")\n                        if not isinstance(message, str):\n                            value = message\n                            message = message.get(\"message\")\n                    else:\n                        message = value.get(\"message\", None)\n                except ValueError:\n                    pass\n    \n        exception_class: Type[WebDriverException]\n        e = ErrorCode()\n        error_codes = [item for item in dir(e) if not item.startswith(\"__\")]\n        for error_code in error_codes:\n            error_info = getattr(ErrorCode, error_code)\n            if isinstance(error_info, list) and status in error_info:\n                exception_class = getattr(ExceptionMapping, error_code, WebDriverException)\n                break\n        else:\n            exception_class = WebDriverException\n    \n        if not value:\n            value = response[\"value\"]\n        if isinstance(value, str):\n            raise exception_class(value)\n        if message == \"\" and \"message\" in value:\n            message = value[\"message\"]\n    \n        screen = None  # type: ignore[assignment]\n        if \"screen\" in value:\n            screen = value[\"screen\"]\n    \n        stacktrace = None\n        st_value = value.get(\"stackTrace\") or value.get(\"stacktrace\")\n        if st_value:\n            if isinstance(st_value, str):\n                stacktrace = st_value.split(\"\\n\")\n            else:\n                stacktrace = []\n                try:\n                    for frame in st_value:\n                        line = frame.get(\"lineNumber\", \"\")\n                        file = frame.get(\"fileName\", \"<anonymous>\")\n                        if line:\n                            file = f\"{file}:{line}\"\n                        meth = frame.get(\"methodName\", \"<anonymous>\")\n                        if \"className\" in frame:\n                            meth = f\"{frame['className']}.{meth}\"\n                        msg = \"    at %s (%s)\"\n                        msg = msg % (meth, file)\n                        stacktrace.append(msg)\n                except TypeError:\n                    pass\n        if exception_class == UnexpectedAlertPresentException:\n            alert_text = None\n            if \"data\" in value:\n                alert_text = value[\"data\"].get(\"text\")\n            elif \"alert\" in value:\n                alert_text = value[\"alert\"].get(\"text\")\n            raise exception_class(message, screen, stacktrace, alert_text)  # type: ignore[call-arg]  # mypy is not smart enough here\n>       raise exception_class(message, screen, stacktrace)\nE       selenium.common.exceptions.NoSuchElementException: Message: no such element: Unable to locate element: {\"method\":\"css selector\",\"selector\":\"[id=\"search_input\"]\"}\nE         (Session info: chrome=130.0.6723.70); For documentation on this error, please visit: https://www.selenium.dev/documentation/webdriver/troubleshooting/errors#no-such-element-exception\nE       Stacktrace:\nE       0   chromedriver                        0x000000010095f634 cxxbridge1$str$ptr + 3645404\nE       1   chromedriver                        0x0000000100957e94 cxxbridge1$str$ptr + 3614780\nE       2   chromedriver                        0x00000001003c4104 cxxbridge1$string$len + 88416\nE       3   chromedriver                        0x0000000100406364 cxxbridge1$string$len + 359360\nE       4   chromedriver                        0x000000010043fbd0 cxxbridge1$string$len + 594988\nE       5   chromedriver                        0x00000001003faf54 cxxbridge1$string$len + 313264\nE       6   chromedriver                        0x00000001003fbba4 cxxbridge1$string$len + 316416\nE       7   chromedriver                        0x000000010092a1d4 cxxbridge1$str$ptr + 3427196\nE       8   chromedriver                        0x000000010092d518 cxxbridge1$str$ptr + 3440320\nE       9   chromedriver                        0x00000001009115f8 cxxbridge1$str$ptr + 3325856\nE       10  chromedriver                        0x000000010092dddc cxxbridge1$str$ptr + 3442564\nE       11  chromedriver                        0x000000010090287c cxxbridge1$str$ptr + 3265060\nE       12  chromedriver                        0x0000000100948884 cxxbridge1$str$ptr + 3551788\nE       13  chromedriver                        0x0000000100948a00 cxxbridge1$str$ptr + 3552168\nE       14  chromedriver                        0x0000000100957b2c cxxbridge1$str$ptr + 3613908\nE       15  libsystem_pthread.dylib             0x00000001ad2c3fa8 _pthread_start + 148\nE       16  libsystem_pthread.dylib             0x00000001ad2beda0 thread_start + 8\n\n/Library/Frameworks/Python.framework/Versions/3.11/lib/python3.11/site-packages/selenium/webdriver/remote/errorhandler.py:229: NoSuchElementException"}, "start": 1730219888838, "stop": 1730219890064, "uuid": "a7a029fb-42b8-42f1-b773-d778bd4d4032", "historyId": "1db4c3640a0de0930dac9b6dd6288f2f", "testCaseId": "1db4c3640a0de0930dac9b6dd6288f2f", "fullName": "tests.test_search#test_search_with_results", "labels": [{"name": "parentSuite", "value": "tests"}, {"name": "suite", "value": "test_search"}, {"name": "host", "value": "MacBook-Pro-clair.local"}, {"name": "thread", "value": "7477-MainThread"}, {"name": "framework", "value": "pytest"}, {"name": "language", "value": "cpython3"}, {"name": "package", "value": "tests.test_search"}]}