{"name": "test_success_registration", "status": "failed", "statusDetails": {"message": "AssertionError: assert \"it's safety here\" in 'The Internet'\n +  where 'The Internet' = <selenium.webdriver.chrome.webdriver.WebDriver (session=\"5346ceda7141473c9b4b7eeae1fab981\")>.title", "trace": "driver = <selenium.webdriver.chrome.webdriver.WebDriver (session=\"5346ceda7141473c9b4b7eeae1fab981\")>\n\n    def test_success_registration(driver):\n    \n        driver.get(\"https://the-internet.herokuapp.com/login\")\n        p_registration = RegistrationPage(driver)\n    \n        p_registration.enter_username(\"newuser\")\n        p_registration.enter_password(\"newpassword\")\n        p_registration.click_login()\n    \n        time.sleep(2)\n>       assert \"it's safety here\" in driver.title\nE       assert \"it's safety here\" in 'The Internet'\nE        +  where 'The Internet' = <selenium.webdriver.chrome.webdriver.WebDriver (session=\"5346ceda7141473c9b4b7eeae1fab981\")>.title\n\ntests/test_registration.py:22: AssertionError"}, "start": 1730219880384, "stop": 1730219884866, "uuid": "3b4951c1-569d-4ee0-9b4f-77ce694e76aa", "historyId": "b0af94c83aec5453f73209caec8e536a", "testCaseId": "b0af94c83aec5453f73209caec8e536a", "fullName": "tests.test_registration#test_success_registration", "labels": [{"name": "parentSuite", "value": "tests"}, {"name": "suite", "value": "test_registration"}, {"name": "host", "value": "MacBook-Pro-clair.local"}, {"name": "thread", "value": "7477-MainThread"}, {"name": "framework", "value": "pytest"}, {"name": "language", "value": "cpython3"}, {"name": "package", "value": "tests.test_registration"}]}