{"name": "test_unsuccess_registration", "status": "failed", "statusDetails": {"message": "AssertionError: assert 'your username is invalid' in 'Your username is invalid!\\n×'", "trace": "driver = <selenium.webdriver.chrome.webdriver.WebDriver (session=\"5346ceda7141473c9b4b7eeae1fab981\")>\n\n    def test_unsuccess_registration(driver):\n    \n        driver.get(\"https://the-internet.herokuapp.com/login\")\n        registration_page = RegistrationPage(driver)\n    \n        registration_page.enter_username(\"wrong_user\")\n        registration_page.enter_password(\"wrong_pass\")\n        registration_page.click_login()\n    \n        time.sleep(2)\n        message = registration_page.get_flash_message()\n>       assert \"your username is invalid\" in message\nE       AssertionError: assert 'your username is invalid' in 'Your username is invalid!\\n×'\n\ntests/test_registration.py:35: AssertionError"}, "start": 1730219884872, "stop": 1730219887519, "uuid": "ef025957-5f7e-4aab-8ef0-4049273ab654", "historyId": "d4db1b9556e42f90d556b2910c90dc02", "testCaseId": "d4db1b9556e42f90d556b2910c90dc02", "fullName": "tests.test_registration#test_unsuccess_registration", "labels": [{"name": "parentSuite", "value": "tests"}, {"name": "suite", "value": "test_registration"}, {"name": "host", "value": "MacBook-Pro-clair.local"}, {"name": "thread", "value": "7477-MainThread"}, {"name": "framework", "value": "pytest"}, {"name": "language", "value": "cpython3"}, {"name": "package", "value": "tests.test_registration"}]}